[
  {
    "id": 64098191,
    "name": "curl-testing1",
    "full_name": "vmsnivas/curl-testing1",
    "owner": {
      "login": "vmsnivas",
      "id": 9534199,
      "avatar_url": "https://avatars3.githubusercontent.com/u/9534199?v=3",
      "gravatar_id": "",
      "url": "https://api.github.com/users/vmsnivas",
      "html_url": "https://github.com/vmsnivas",
      "followers_url": "https://api.github.com/users/vmsnivas/followers",
      "following_url": "https://api.github.com/users/vmsnivas/following{/other_user}",
      "gists_url": "https://api.github.com/users/vmsnivas/gists{/gist_id}",
      "starred_url": "https://api.github.com/users/vmsnivas/starred{/owner}{/repo}",
      "subscriptions_url": "https://api.github.com/users/vmsnivas/subscriptions",
      "organizations_url": "https://api.github.com/users/vmsnivas/orgs",
      "repos_url": "https://api.github.com/users/vmsnivas/repos",
      "events_url": "https://api.github.com/users/vmsnivas/events{/privacy}",
      "received_events_url": "https://api.github.com/users/vmsnivas/received_events",
      "type": "User",
      "site_admin": false
    },
    "private": false,
    "html_url": "https://github.com/vmsnivas/curl-testing1",
    "description": null,
    "fork": false,
    "url": "https://api.github.com/repos/vmsnivas/curl-testing1",
    "forks_url": "https://api.github.com/repos/vmsnivas/curl-testing1/forks",
    "keys_url": "https://api.github.com/repos/vmsnivas/curl-testing1/keys{/key_id}",
    "collaborators_url": "https://api.github.com/repos/vmsnivas/curl-testing1/collaborators{/collaborator}",
    "teams_url": "https://api.github.com/repos/vmsnivas/curl-testing1/teams",
    "hooks_url": "https://api.github.com/repos/vmsnivas/curl-testing1/hooks",
    "issue_events_url": "https://api.github.com/repos/vmsnivas/curl-testing1/issues/events{/number}",
    "events_url": "https://api.github.com/repos/vmsnivas/curl-testing1/events",
    "assignees_url": "https://api.github.com/repos/vmsnivas/curl-testing1/assignees{/user}",
    "branches_url": "https://api.github.com/repos/vmsnivas/curl-testing1/branches{/branch}",
    "tags_url": "https://api.github.com/repos/vmsnivas/curl-testing1/tags",
    "blobs_url": "https://api.github.com/repos/vmsnivas/curl-testing1/git/blobs{/sha}",
    "git_tags_url": "https://api.github.com/repos/vmsnivas/curl-testing1/git/tags{/sha}",
    "git_refs_url": "https://api.github.com/repos/vmsnivas/curl-testing1/git/refs{/sha}",
    "trees_url": "https://api.github.com/repos/vmsnivas/curl-testing1/git/trees{/sha}",
    "statuses_url": "https://api.github.com/repos/vmsnivas/curl-testing1/statuses/{sha}",
    "languages_url": "https://api.github.com/repos/vmsnivas/curl-testing1/languages",
    "stargazers_url": "https://api.github.com/repos/vmsnivas/curl-testing1/stargazers",
    "contributors_url": "https://api.github.com/repos/vmsnivas/curl-testing1/contributors",
    "subscribers_url": "https://api.github.com/repos/vmsnivas/curl-testing1/subscribers",
    "subscription_url": "https://api.github.com/repos/vmsnivas/curl-testing1/subscription",
    "commits_url": "https://api.github.com/repos/vmsnivas/curl-testing1/commits{/sha}",
    "git_commits_url": "https://api.github.com/repos/vmsnivas/curl-testing1/git/commits{/sha}",
    "comments_url": "https://api.github.com/repos/vmsnivas/curl-testing1/comments{/number}",
    "issue_comment_url": "https://api.github.com/repos/vmsnivas/curl-testing1/issues/comments{/number}",
    "contents_url": "https://api.github.com/repos/vmsnivas/curl-testing1/contents/{+path}",
    "compare_url": "https://api.github.com/repos/vmsnivas/curl-testing1/compare/{base}...{head}",
    "merges_url": "https://api.github.com/repos/vmsnivas/curl-testing1/merges",
    "archive_url": "https://api.github.com/repos/vmsnivas/curl-testing1/{archive_format}{/ref}",
    "downloads_url": "https://api.github.com/repos/vmsnivas/curl-testing1/downloads",
    "issues_url": "https://api.github.com/repos/vmsnivas/curl-testing1/issues{/number}",
    "pulls_url": "https://api.github.com/repos/vmsnivas/curl-testing1/pulls{/number}",
    "milestones_url": "https://api.github.com/repos/vmsnivas/curl-testing1/milestones{/number}",
    "notifications_url": "https://api.github.com/repos/vmsnivas/curl-testing1/notifications{?since,all,participating}",
    "labels_url": "https://api.github.com/repos/vmsnivas/curl-testing1/labels{/name}",
    "releases_url": "https://api.github.com/repos/vmsnivas/curl-testing1/releases{/id}",
    "deployments_url": "https://api.github.com/repos/vmsnivas/curl-testing1/deployments",
    "created_at": "2016-07-25T02:39:42Z",
    "updated_at": "2016-07-25T02:39:42Z",
    "pushed_at": "2016-08-10T11:02:05Z",
    "git_url": "git://github.com/vmsnivas/curl-testing1.git",
    "ssh_url": "git@github.com:vmsnivas/curl-testing1.git",
    "clone_url": "https://github.com/vmsnivas/curl-testing1.git",
    "svn_url": "https://github.com/vmsnivas/curl-testing1",
    "homepage": null,
    "size": 0,
    "stargazers_count": 0,
    "watchers_count": 0,
    "language": null,
    "has_issues": true,
    "has_projects": true,
    "has_downloads": true,
    "has_wiki": true,
    "has_pages": false,
    "forks_count": 0,
    "mirror_url": null,
    "open_issues_count": 0,
    "forks": 0,
    "open_issues": 0,
    "watchers": 0,
    "default_branch": "master",
    "permissions": {
      "admin": true,
      "push": true,
      "pull": true
    }
  },
  {
    "id": 83294174,
    "name": "GHCollectia",
    "full_name": "vmsnivas/GHCollectia",
    "owner": {
      "login": "vmsnivas",
      "id": 9534199,
      "avatar_url": "https://avatars3.githubusercontent.com/u/9534199?v=3",
      "gravatar_id": "",
      "url": "https://api.github.com/users/vmsnivas",
      "html_url": "https://github.com/vmsnivas",
      "followers_url": "https://api.github.com/users/vmsnivas/followers",
      "following_url": "https://api.github.com/users/vmsnivas/following{/other_user}",
      "gists_url": "https://api.github.com/users/vmsnivas/gists{/gist_id}",
      "starred_url": "https://api.github.com/users/vmsnivas/starred{/owner}{/repo}",
      "subscriptions_url": "https://api.github.com/users/vmsnivas/subscriptions",
      "organizations_url": "https://api.github.com/users/vmsnivas/orgs",
      "repos_url": "https://api.github.com/users/vmsnivas/repos",
      "events_url": "https://api.github.com/users/vmsnivas/events{/privacy}",
      "received_events_url": "https://api.github.com/users/vmsnivas/received_events",
      "type": "User",
      "site_admin": false
    },
    "private": false,
    "html_url": "https://github.com/vmsnivas/GHCollectia",
    "description": null,
    "fork": false,
    "url": "https://api.github.com/repos/vmsnivas/GHCollectia",
    "forks_url": "https://api.github.com/repos/vmsnivas/GHCollectia/forks",
    "keys_url": "https://api.github.com/repos/vmsnivas/GHCollectia/keys{/key_id}",
    "collaborators_url": "https://api.github.com/repos/vmsnivas/GHCollectia/collaborators{/collaborator}",
    "teams_url": "https://api.github.com/repos/vmsnivas/GHCollectia/teams",
    "hooks_url": "https://api.github.com/repos/vmsnivas/GHCollectia/hooks",
    "issue_events_url": "https://api.github.com/repos/vmsnivas/GHCollectia/issues/events{/number}",
    "events_url": "https://api.github.com/repos/vmsnivas/GHCollectia/events",
    "assignees_url": "https://api.github.com/repos/vmsnivas/GHCollectia/assignees{/user}",
    "branches_url": "https://api.github.com/repos/vmsnivas/GHCollectia/branches{/branch}",
    "tags_url": "https://api.github.com/repos/vmsnivas/GHCollectia/tags",
    "blobs_url": "https://api.github.com/repos/vmsnivas/GHCollectia/git/blobs{/sha}",
    "git_tags_url": "https://api.github.com/repos/vmsnivas/GHCollectia/git/tags{/sha}",
    "git_refs_url": "https://api.github.com/repos/vmsnivas/GHCollectia/git/refs{/sha}",
    "trees_url": "https://api.github.com/repos/vmsnivas/GHCollectia/git/trees{/sha}",
    "statuses_url": "https://api.github.com/repos/vmsnivas/GHCollectia/statuses/{sha}",
    "languages_url": "https://api.github.com/repos/vmsnivas/GHCollectia/languages",
    "stargazers_url": "https://api.github.com/repos/vmsnivas/GHCollectia/stargazers",
    "contributors_url": "https://api.github.com/repos/vmsnivas/GHCollectia/contributors",
    "subscribers_url": "https://api.github.com/repos/vmsnivas/GHCollectia/subscribers",
    "subscription_url": "https://api.github.com/repos/vmsnivas/GHCollectia/subscription",
    "commits_url": "https://api.github.com/repos/vmsnivas/GHCollectia/commits{/sha}",
    "git_commits_url": "https://api.github.com/repos/vmsnivas/GHCollectia/git/commits{/sha}",
    "comments_url": "https://api.github.com/repos/vmsnivas/GHCollectia/comments{/number}",
    "issue_comment_url": "https://api.github.com/repos/vmsnivas/GHCollectia/issues/comments{/number}",
    "contents_url": "https://api.github.com/repos/vmsnivas/GHCollectia/contents/{+path}",
    "compare_url": "https://api.github.com/repos/vmsnivas/GHCollectia/compare/{base}...{head}",
    "merges_url": "https://api.github.com/repos/vmsnivas/GHCollectia/merges",
    "archive_url": "https://api.github.com/repos/vmsnivas/GHCollectia/{archive_format}{/ref}",
    "downloads_url": "https://api.github.com/repos/vmsnivas/GHCollectia/downloads",
    "issues_url": "https://api.github.com/repos/vmsnivas/GHCollectia/issues{/number}",
    "pulls_url": "https://api.github.com/repos/vmsnivas/GHCollectia/pulls{/number}",
    "milestones_url": "https://api.github.com/repos/vmsnivas/GHCollectia/milestones{/number}",
    "notifications_url": "https://api.github.com/repos/vmsnivas/GHCollectia/notifications{?since,all,participating}",
    "labels_url": "https://api.github.com/repos/vmsnivas/GHCollectia/labels{/name}",
    "releases_url": "https://api.github.com/repos/vmsnivas/GHCollectia/releases{/id}",
    "deployments_url": "https://api.github.com/repos/vmsnivas/GHCollectia/deployments",
    "created_at": "2017-02-27T09:48:04Z",
    "updated_at": "2017-02-27T09:48:04Z",
    "pushed_at": "2017-02-28T12:36:04Z",
    "git_url": "git://github.com/vmsnivas/GHCollectia.git",
    "ssh_url": "git@github.com:vmsnivas/GHCollectia.git",
    "clone_url": "https://github.com/vmsnivas/GHCollectia.git",
    "svn_url": "https://github.com/vmsnivas/GHCollectia",
    "homepage": null,
    "size": 43713,
    "stargazers_count": 0,
    "watchers_count": 0,
    "language": null,
    "has_issues": true,
    "has_projects": true,
    "has_downloads": true,
    "has_wiki": true,
    "has_pages": false,
    "forks_count": 0,
    "mirror_url": null,
    "open_issues_count": 0,
    "forks": 0,
    "open_issues": 0,
    "watchers": 0,
    "default_branch": "master",
    "permissions": {
      "admin": true,
      "push": true,
      "pull": true
    }
  },
  {
    "id": 77200769,
    "name": "myblog",
    "full_name": "vmsnivas/myblog",
    "owner": {
      "login": "vmsnivas",
      "id": 9534199,
      "avatar_url": "https://avatars3.githubusercontent.com/u/9534199?v=3",
      "gravatar_id": "",
      "url": "https://api.github.com/users/vmsnivas",
      "html_url": "https://github.com/vmsnivas",
      "followers_url": "https://api.github.com/users/vmsnivas/followers",
      "following_url": "https://api.github.com/users/vmsnivas/following{/other_user}",
      "gists_url": "https://api.github.com/users/vmsnivas/gists{/gist_id}",
      "starred_url": "https://api.github.com/users/vmsnivas/starred{/owner}{/repo}",
      "subscriptions_url": "https://api.github.com/users/vmsnivas/subscriptions",
      "organizations_url": "https://api.github.com/users/vmsnivas/orgs",
      "repos_url": "https://api.github.com/users/vmsnivas/repos",
      "events_url": "https://api.github.com/users/vmsnivas/events{/privacy}",
      "received_events_url": "https://api.github.com/users/vmsnivas/received_events",
      "type": "User",
      "site_admin": false
    },
    "private": false,
    "html_url": "https://github.com/vmsnivas/myblog",
    "description": null,
    "fork": false,
    "url": "https://api.github.com/repos/vmsnivas/myblog",
    "forks_url": "https://api.github.com/repos/vmsnivas/myblog/forks",
    "keys_url": "https://api.github.com/repos/vmsnivas/myblog/keys{/key_id}",
    "collaborators_url": "https://api.github.com/repos/vmsnivas/myblog/collaborators{/collaborator}",
    "teams_url": "https://api.github.com/repos/vmsnivas/myblog/teams",
    "hooks_url": "https://api.github.com/repos/vmsnivas/myblog/hooks",
    "issue_events_url": "https://api.github.com/repos/vmsnivas/myblog/issues/events{/number}",
    "events_url": "https://api.github.com/repos/vmsnivas/myblog/events",
    "assignees_url": "https://api.github.com/repos/vmsnivas/myblog/assignees{/user}",
    "branches_url": "https://api.github.com/repos/vmsnivas/myblog/branches{/branch}",
    "tags_url": "https://api.github.com/repos/vmsnivas/myblog/tags",
    "blobs_url": "https://api.github.com/repos/vmsnivas/myblog/git/blobs{/sha}",
    "git_tags_url": "https://api.github.com/repos/vmsnivas/myblog/git/tags{/sha}",
    "git_refs_url": "https://api.github.com/repos/vmsnivas/myblog/git/refs{/sha}",
    "trees_url": "https://api.github.com/repos/vmsnivas/myblog/git/trees{/sha}",
    "statuses_url": "https://api.github.com/repos/vmsnivas/myblog/statuses/{sha}",
    "languages_url": "https://api.github.com/repos/vmsnivas/myblog/languages",
    "stargazers_url": "https://api.github.com/repos/vmsnivas/myblog/stargazers",
    "contributors_url": "https://api.github.com/repos/vmsnivas/myblog/contributors",
    "subscribers_url": "https://api.github.com/repos/vmsnivas/myblog/subscribers",
    "subscription_url": "https://api.github.com/repos/vmsnivas/myblog/subscription",
    "commits_url": "https://api.github.com/repos/vmsnivas/myblog/commits{/sha}",
    "git_commits_url": "https://api.github.com/repos/vmsnivas/myblog/git/commits{/sha}",
    "comments_url": "https://api.github.com/repos/vmsnivas/myblog/comments{/number}",
    "issue_comment_url": "https://api.github.com/repos/vmsnivas/myblog/issues/comments{/number}",
    "contents_url": "https://api.github.com/repos/vmsnivas/myblog/contents/{+path}",
    "compare_url": "https://api.github.com/repos/vmsnivas/myblog/compare/{base}...{head}",
    "merges_url": "https://api.github.com/repos/vmsnivas/myblog/merges",
    "archive_url": "https://api.github.com/repos/vmsnivas/myblog/{archive_format}{/ref}",
    "downloads_url": "https://api.github.com/repos/vmsnivas/myblog/downloads",
    "issues_url": "https://api.github.com/repos/vmsnivas/myblog/issues{/number}",
    "pulls_url": "https://api.github.com/repos/vmsnivas/myblog/pulls{/number}",
    "milestones_url": "https://api.github.com/repos/vmsnivas/myblog/milestones{/number}",
    "notifications_url": "https://api.github.com/repos/vmsnivas/myblog/notifications{?since,all,participating}",
    "labels_url": "https://api.github.com/repos/vmsnivas/myblog/labels{/name}",
    "releases_url": "https://api.github.com/repos/vmsnivas/myblog/releases{/id}",
    "deployments_url": "https://api.github.com/repos/vmsnivas/myblog/deployments",
    "created_at": "2016-12-23T05:39:42Z",
    "updated_at": "2017-02-19T13:06:14Z",
    "pushed_at": "2017-02-19T13:06:13Z",
    "git_url": "git://github.com/vmsnivas/myblog.git",
    "ssh_url": "git@github.com:vmsnivas/myblog.git",
    "clone_url": "https://github.com/vmsnivas/myblog.git",
    "svn_url": "https://github.com/vmsnivas/myblog",
    "homepage": null,
    "size": 30,
    "stargazers_count": 0,
    "watchers_count": 0,
    "language": null,
    "has_issues": true,
    "has_projects": true,
    "has_downloads": true,
    "has_wiki": true,
    "has_pages": false,
    "forks_count": 0,
    "mirror_url": null,
    "open_issues_count": 0,
    "forks": 0,
    "open_issues": 0,
    "watchers": 0,
    "default_branch": "master",
    "permissions": {
      "admin": true,
      "push": true,
      "pull": true
    }
  },
  {
    "id": 31174552,
    "name": "Search-tags-useful-for-scripting",
    "full_name": "vmsnivas/Search-tags-useful-for-scripting",
    "owner": {
      "login": "vmsnivas",
      "id": 9534199,
      "avatar_url": "https://avatars3.githubusercontent.com/u/9534199?v=3",
      "gravatar_id": "",
      "url": "https://api.github.com/users/vmsnivas",
      "html_url": "https://github.com/vmsnivas",
      "followers_url": "https://api.github.com/users/vmsnivas/followers",
      "following_url": "https://api.github.com/users/vmsnivas/following{/other_user}",
      "gists_url": "https://api.github.com/users/vmsnivas/gists{/gist_id}",
      "starred_url": "https://api.github.com/users/vmsnivas/starred{/owner}{/repo}",
      "subscriptions_url": "https://api.github.com/users/vmsnivas/subscriptions",
      "organizations_url": "https://api.github.com/users/vmsnivas/orgs",
      "repos_url": "https://api.github.com/users/vmsnivas/repos",
      "events_url": "https://api.github.com/users/vmsnivas/events{/privacy}",
      "received_events_url": "https://api.github.com/users/vmsnivas/received_events",
      "type": "User",
      "site_admin": false
    },
    "private": false,
    "html_url": "https://github.com/vmsnivas/Search-tags-useful-for-scripting",
    "description": null,
    "fork": false,
    "url": "https://api.github.com/repos/vmsnivas/Search-tags-useful-for-scripting",
    "forks_url": "https://api.github.com/repos/vmsnivas/Search-tags-useful-for-scripting/forks",
    "keys_url": "https://api.github.com/repos/vmsnivas/Search-tags-useful-for-scripting/keys{/key_id}",
    "collaborators_url": "https://api.github.com/repos/vmsnivas/Search-tags-useful-for-scripting/collaborators{/collaborator}",
    "teams_url": "https://api.github.com/repos/vmsnivas/Search-tags-useful-for-scripting/teams",
    "hooks_url": "https://api.github.com/repos/vmsnivas/Search-tags-useful-for-scripting/hooks",
    "issue_events_url": "https://api.github.com/repos/vmsnivas/Search-tags-useful-for-scripting/issues/events{/number}",
    "events_url": "https://api.github.com/repos/vmsnivas/Search-tags-useful-for-scripting/events",
    "assignees_url": "https://api.github.com/repos/vmsnivas/Search-tags-useful-for-scripting/assignees{/user}",
    "branches_url": "https://api.github.com/repos/vmsnivas/Search-tags-useful-for-scripting/branches{/branch}",
    "tags_url": "https://api.github.com/repos/vmsnivas/Search-tags-useful-for-scripting/tags",
    "blobs_url": "https://api.github.com/repos/vmsnivas/Search-tags-useful-for-scripting/git/blobs{/sha}",
    "git_tags_url": "https://api.github.com/repos/vmsnivas/Search-tags-useful-for-scripting/git/tags{/sha}",
    "git_refs_url": "https://api.github.com/repos/vmsnivas/Search-tags-useful-for-scripting/git/refs{/sha}",
    "trees_url": "https://api.github.com/repos/vmsnivas/Search-tags-useful-for-scripting/git/trees{/sha}",
    "statuses_url": "https://api.github.com/repos/vmsnivas/Search-tags-useful-for-scripting/statuses/{sha}",
    "languages_url": "https://api.github.com/repos/vmsnivas/Search-tags-useful-for-scripting/languages",
    "stargazers_url": "https://api.github.com/repos/vmsnivas/Search-tags-useful-for-scripting/stargazers",
    "contributors_url": "https://api.github.com/repos/vmsnivas/Search-tags-useful-for-scripting/contributors",
    "subscribers_url": "https://api.github.com/repos/vmsnivas/Search-tags-useful-for-scripting/subscribers",
    "subscription_url": "https://api.github.com/repos/vmsnivas/Search-tags-useful-for-scripting/subscription",
    "commits_url": "https://api.github.com/repos/vmsnivas/Search-tags-useful-for-scripting/commits{/sha}",
    "git_commits_url": "https://api.github.com/repos/vmsnivas/Search-tags-useful-for-scripting/git/commits{/sha}",
    "comments_url": "https://api.github.com/repos/vmsnivas/Search-tags-useful-for-scripting/comments{/number}",
    "issue_comment_url": "https://api.github.com/repos/vmsnivas/Search-tags-useful-for-scripting/issues/comments{/number}",
    "contents_url": "https://api.github.com/repos/vmsnivas/Search-tags-useful-for-scripting/contents/{+path}",
    "compare_url": "https://api.github.com/repos/vmsnivas/Search-tags-useful-for-scripting/compare/{base}...{head}",
    "merges_url": "https://api.github.com/repos/vmsnivas/Search-tags-useful-for-scripting/merges",
    "archive_url": "https://api.github.com/repos/vmsnivas/Search-tags-useful-for-scripting/{archive_format}{/ref}",
    "downloads_url": "https://api.github.com/repos/vmsnivas/Search-tags-useful-for-scripting/downloads",
    "issues_url": "https://api.github.com/repos/vmsnivas/Search-tags-useful-for-scripting/issues{/number}",
    "pulls_url": "https://api.github.com/repos/vmsnivas/Search-tags-useful-for-scripting/pulls{/number}",
    "milestones_url": "https://api.github.com/repos/vmsnivas/Search-tags-useful-for-scripting/milestones{/number}",
    "notifications_url": "https://api.github.com/repos/vmsnivas/Search-tags-useful-for-scripting/notifications{?since,all,participating}",
    "labels_url": "https://api.github.com/repos/vmsnivas/Search-tags-useful-for-scripting/labels{/name}",
    "releases_url": "https://api.github.com/repos/vmsnivas/Search-tags-useful-for-scripting/releases{/id}",
    "deployments_url": "https://api.github.com/repos/vmsnivas/Search-tags-useful-for-scripting/deployments",
    "created_at": "2015-02-22T18:46:17Z",
    "updated_at": "2016-04-12T07:28:41Z",
    "pushed_at": "2016-04-15T16:25:34Z",
    "git_url": "git://github.com/vmsnivas/Search-tags-useful-for-scripting.git",
    "ssh_url": "git@github.com:vmsnivas/Search-tags-useful-for-scripting.git",
    "clone_url": "https://github.com/vmsnivas/Search-tags-useful-for-scripting.git",
    "svn_url": "https://github.com/vmsnivas/Search-tags-useful-for-scripting",
    "homepage": null,
    "size": 10,
    "stargazers_count": 0,
    "watchers_count": 0,
    "language": "Shell",
    "has_issues": true,
    "has_projects": true,
    "has_downloads": true,
    "has_wiki": true,
    "has_pages": false,
    "forks_count": 0,
    "mirror_url": null,
    "open_issues_count": 0,
    "forks": 0,
    "open_issues": 0,
    "watchers": 0,
    "default_branch": "master",
    "permissions": {
      "admin": true,
      "push": true,
      "pull": true
    }
  },
  {
    "id": 29683094,
    "name": "sed",
    "full_name": "vmsnivas/sed",
    "owner": {
      "login": "vmsnivas",
      "id": 9534199,
      "avatar_url": "https://avatars3.githubusercontent.com/u/9534199?v=3",
      "gravatar_id": "",
      "url": "https://api.github.com/users/vmsnivas",
      "html_url": "https://github.com/vmsnivas",
      "followers_url": "https://api.github.com/users/vmsnivas/followers",
      "following_url": "https://api.github.com/users/vmsnivas/following{/other_user}",
      "gists_url": "https://api.github.com/users/vmsnivas/gists{/gist_id}",
      "starred_url": "https://api.github.com/users/vmsnivas/starred{/owner}{/repo}",
      "subscriptions_url": "https://api.github.com/users/vmsnivas/subscriptions",
      "organizations_url": "https://api.github.com/users/vmsnivas/orgs",
      "repos_url": "https://api.github.com/users/vmsnivas/repos",
      "events_url": "https://api.github.com/users/vmsnivas/events{/privacy}",
      "received_events_url": "https://api.github.com/users/vmsnivas/received_events",
      "type": "User",
      "site_admin": false
    },
    "private": false,
    "html_url": "https://github.com/vmsnivas/sed",
    "description": "Linux / Unix Stream Editor",
    "fork": false,
    "url": "https://api.github.com/repos/vmsnivas/sed",
    "forks_url": "https://api.github.com/repos/vmsnivas/sed/forks",
    "keys_url": "https://api.github.com/repos/vmsnivas/sed/keys{/key_id}",
    "collaborators_url": "https://api.github.com/repos/vmsnivas/sed/collaborators{/collaborator}",
    "teams_url": "https://api.github.com/repos/vmsnivas/sed/teams",
    "hooks_url": "https://api.github.com/repos/vmsnivas/sed/hooks",
    "issue_events_url": "https://api.github.com/repos/vmsnivas/sed/issues/events{/number}",
    "events_url": "https://api.github.com/repos/vmsnivas/sed/events",
    "assignees_url": "https://api.github.com/repos/vmsnivas/sed/assignees{/user}",
    "branches_url": "https://api.github.com/repos/vmsnivas/sed/branches{/branch}",
    "tags_url": "https://api.github.com/repos/vmsnivas/sed/tags",
    "blobs_url": "https://api.github.com/repos/vmsnivas/sed/git/blobs{/sha}",
    "git_tags_url": "https://api.github.com/repos/vmsnivas/sed/git/tags{/sha}",
    "git_refs_url": "https://api.github.com/repos/vmsnivas/sed/git/refs{/sha}",
    "trees_url": "https://api.github.com/repos/vmsnivas/sed/git/trees{/sha}",
    "statuses_url": "https://api.github.com/repos/vmsnivas/sed/statuses/{sha}",
    "languages_url": "https://api.github.com/repos/vmsnivas/sed/languages",
    "stargazers_url": "https://api.github.com/repos/vmsnivas/sed/stargazers",
    "contributors_url": "https://api.github.com/repos/vmsnivas/sed/contributors",
    "subscribers_url": "https://api.github.com/repos/vmsnivas/sed/subscribers",
    "subscription_url": "https://api.github.com/repos/vmsnivas/sed/subscription",
    "commits_url": "https://api.github.com/repos/vmsnivas/sed/commits{/sha}",
    "git_commits_url": "https://api.github.com/repos/vmsnivas/sed/git/commits{/sha}",
    "comments_url": "https://api.github.com/repos/vmsnivas/sed/comments{/number}",
    "issue_comment_url": "https://api.github.com/repos/vmsnivas/sed/issues/comments{/number}",
    "contents_url": "https://api.github.com/repos/vmsnivas/sed/contents/{+path}",
    "compare_url": "https://api.github.com/repos/vmsnivas/sed/compare/{base}...{head}",
    "merges_url": "https://api.github.com/repos/vmsnivas/sed/merges",
    "archive_url": "https://api.github.com/repos/vmsnivas/sed/{archive_format}{/ref}",
    "downloads_url": "https://api.github.com/repos/vmsnivas/sed/downloads",
    "issues_url": "https://api.github.com/repos/vmsnivas/sed/issues{/number}",
    "pulls_url": "https://api.github.com/repos/vmsnivas/sed/pulls{/number}",
    "milestones_url": "https://api.github.com/repos/vmsnivas/sed/milestones{/number}",
    "notifications_url": "https://api.github.com/repos/vmsnivas/sed/notifications{?since,all,participating}",
    "labels_url": "https://api.github.com/repos/vmsnivas/sed/labels{/name}",
    "releases_url": "https://api.github.com/repos/vmsnivas/sed/releases{/id}",
    "deployments_url": "https://api.github.com/repos/vmsnivas/sed/deployments",
    "created_at": "2015-01-22T14:41:37Z",
    "updated_at": "2016-05-30T17:04:47Z",
    "pushed_at": "2016-05-30T17:04:46Z",
    "git_url": "git://github.com/vmsnivas/sed.git",
    "ssh_url": "git@github.com:vmsnivas/sed.git",
    "clone_url": "https://github.com/vmsnivas/sed.git",
    "svn_url": "https://github.com/vmsnivas/sed",
    "homepage": null,
    "size": 10,
    "stargazers_count": 0,
    "watchers_count": 0,
    "language": null,
    "has_issues": true,
    "has_projects": true,
    "has_downloads": true,
    "has_wiki": true,
    "has_pages": false,
    "forks_count": 3,
    "mirror_url": null,
    "open_issues_count": 0,
    "forks": 3,
    "open_issues": 0,
    "watchers": 0,
    "default_branch": "master",
    "permissions": {
      "admin": true,
      "push": true,
      "pull": true
    }
  },
  {
    "id": 87658361,
    "name": "terraform",
    "full_name": "vmsnivas/terraform",
    "owner": {
      "login": "vmsnivas",
      "id": 9534199,
      "avatar_url": "https://avatars3.githubusercontent.com/u/9534199?v=3",
      "gravatar_id": "",
      "url": "https://api.github.com/users/vmsnivas",
      "html_url": "https://github.com/vmsnivas",
      "followers_url": "https://api.github.com/users/vmsnivas/followers",
      "following_url": "https://api.github.com/users/vmsnivas/following{/other_user}",
      "gists_url": "https://api.github.com/users/vmsnivas/gists{/gist_id}",
      "starred_url": "https://api.github.com/users/vmsnivas/starred{/owner}{/repo}",
      "subscriptions_url": "https://api.github.com/users/vmsnivas/subscriptions",
      "organizations_url": "https://api.github.com/users/vmsnivas/orgs",
      "repos_url": "https://api.github.com/users/vmsnivas/repos",
      "events_url": "https://api.github.com/users/vmsnivas/events{/privacy}",
      "received_events_url": "https://api.github.com/users/vmsnivas/received_events",
      "type": "User",
      "site_admin": false
    },
    "private": false,
    "html_url": "https://github.com/vmsnivas/terraform",
    "description": "Terraform is a tool for building, changing, and combining infrastructure safely and efficiently.",
    "fork": true,
    "url": "https://api.github.com/repos/vmsnivas/terraform",
    "forks_url": "https://api.github.com/repos/vmsnivas/terraform/forks",
    "keys_url": "https://api.github.com/repos/vmsnivas/terraform/keys{/key_id}",
    "collaborators_url": "https://api.github.com/repos/vmsnivas/terraform/collaborators{/collaborator}",
    "teams_url": "https://api.github.com/repos/vmsnivas/terraform/teams",
    "hooks_url": "https://api.github.com/repos/vmsnivas/terraform/hooks",
    "issue_events_url": "https://api.github.com/repos/vmsnivas/terraform/issues/events{/number}",
    "events_url": "https://api.github.com/repos/vmsnivas/terraform/events",
    "assignees_url": "https://api.github.com/repos/vmsnivas/terraform/assignees{/user}",
    "branches_url": "https://api.github.com/repos/vmsnivas/terraform/branches{/branch}",
    "tags_url": "https://api.github.com/repos/vmsnivas/terraform/tags",
    "blobs_url": "https://api.github.com/repos/vmsnivas/terraform/git/blobs{/sha}",
    "git_tags_url": "https://api.github.com/repos/vmsnivas/terraform/git/tags{/sha}",
    "git_refs_url": "https://api.github.com/repos/vmsnivas/terraform/git/refs{/sha}",
    "trees_url": "https://api.github.com/repos/vmsnivas/terraform/git/trees{/sha}",
    "statuses_url": "https://api.github.com/repos/vmsnivas/terraform/statuses/{sha}",
    "languages_url": "https://api.github.com/repos/vmsnivas/terraform/languages",
    "stargazers_url": "https://api.github.com/repos/vmsnivas/terraform/stargazers",
    "contributors_url": "https://api.github.com/repos/vmsnivas/terraform/contributors",
    "subscribers_url": "https://api.github.com/repos/vmsnivas/terraform/subscribers",
    "subscription_url": "https://api.github.com/repos/vmsnivas/terraform/subscription",
    "commits_url": "https://api.github.com/repos/vmsnivas/terraform/commits{/sha}",
    "git_commits_url": "https://api.github.com/repos/vmsnivas/terraform/git/commits{/sha}",
    "comments_url": "https://api.github.com/repos/vmsnivas/terraform/comments{/number}",
    "issue_comment_url": "https://api.github.com/repos/vmsnivas/terraform/issues/comments{/number}",
    "contents_url": "https://api.github.com/repos/vmsnivas/terraform/contents/{+path}",
    "compare_url": "https://api.github.com/repos/vmsnivas/terraform/compare/{base}...{head}",
    "merges_url": "https://api.github.com/repos/vmsnivas/terraform/merges",
    "archive_url": "https://api.github.com/repos/vmsnivas/terraform/{archive_format}{/ref}",
    "downloads_url": "https://api.github.com/repos/vmsnivas/terraform/downloads",
    "issues_url": "https://api.github.com/repos/vmsnivas/terraform/issues{/number}",
    "pulls_url": "https://api.github.com/repos/vmsnivas/terraform/pulls{/number}",
    "milestones_url": "https://api.github.com/repos/vmsnivas/terraform/milestones{/number}",
    "notifications_url": "https://api.github.com/repos/vmsnivas/terraform/notifications{?since,all,participating}",
    "labels_url": "https://api.github.com/repos/vmsnivas/terraform/labels{/name}",
    "releases_url": "https://api.github.com/repos/vmsnivas/terraform/releases{/id}",
    "deployments_url": "https://api.github.com/repos/vmsnivas/terraform/deployments",
    "created_at": "2017-04-08T19:20:01Z",
    "updated_at": "2017-04-08T19:20:15Z",
    "pushed_at": "2017-03-14T00:50:42Z",
    "git_url": "git://github.com/vmsnivas/terraform.git",
    "ssh_url": "git@github.com:vmsnivas/terraform.git",
    "clone_url": "https://github.com/vmsnivas/terraform.git",
    "svn_url": "https://github.com/vmsnivas/terraform",
    "homepage": "https://www.terraform.io/",
    "size": 88647,
    "stargazers_count": 0,
    "watchers_count": 0,
    "language": "Go",
    "has_issues": false,
    "has_projects": true,
    "has_downloads": true,
    "has_wiki": false,
    "has_pages": false,
    "forks_count": 0,
    "mirror_url": null,
    "open_issues_count": 0,
    "forks": 0,
    "open_issues": 0,
    "watchers": 0,
    "default_branch": "master",
    "permissions": {
      "admin": true,
      "push": true,
      "pull": true
    }
  },
  {
    "id": 62144582,
    "name": "testrepo",
    "full_name": "vmsnivas/testrepo",
    "owner": {
      "login": "vmsnivas",
      "id": 9534199,
      "avatar_url": "https://avatars3.githubusercontent.com/u/9534199?v=3",
      "gravatar_id": "",
      "url": "https://api.github.com/users/vmsnivas",
      "html_url": "https://github.com/vmsnivas",
      "followers_url": "https://api.github.com/users/vmsnivas/followers",
      "following_url": "https://api.github.com/users/vmsnivas/following{/other_user}",
      "gists_url": "https://api.github.com/users/vmsnivas/gists{/gist_id}",
      "starred_url": "https://api.github.com/users/vmsnivas/starred{/owner}{/repo}",
      "subscriptions_url": "https://api.github.com/users/vmsnivas/subscriptions",
      "organizations_url": "https://api.github.com/users/vmsnivas/orgs",
      "repos_url": "https://api.github.com/users/vmsnivas/repos",
      "events_url": "https://api.github.com/users/vmsnivas/events{/privacy}",
      "received_events_url": "https://api.github.com/users/vmsnivas/received_events",
      "type": "User",
      "site_admin": false
    },
    "private": false,
    "html_url": "https://github.com/vmsnivas/testrepo",
    "description": null,
    "fork": false,
    "url": "https://api.github.com/repos/vmsnivas/testrepo",
    "forks_url": "https://api.github.com/repos/vmsnivas/testrepo/forks",
    "keys_url": "https://api.github.com/repos/vmsnivas/testrepo/keys{/key_id}",
    "collaborators_url": "https://api.github.com/repos/vmsnivas/testrepo/collaborators{/collaborator}",
    "teams_url": "https://api.github.com/repos/vmsnivas/testrepo/teams",
    "hooks_url": "https://api.github.com/repos/vmsnivas/testrepo/hooks",
    "issue_events_url": "https://api.github.com/repos/vmsnivas/testrepo/issues/events{/number}",
    "events_url": "https://api.github.com/repos/vmsnivas/testrepo/events",
    "assignees_url": "https://api.github.com/repos/vmsnivas/testrepo/assignees{/user}",
    "branches_url": "https://api.github.com/repos/vmsnivas/testrepo/branches{/branch}",
    "tags_url": "https://api.github.com/repos/vmsnivas/testrepo/tags",
    "blobs_url": "https://api.github.com/repos/vmsnivas/testrepo/git/blobs{/sha}",
    "git_tags_url": "https://api.github.com/repos/vmsnivas/testrepo/git/tags{/sha}",
    "git_refs_url": "https://api.github.com/repos/vmsnivas/testrepo/git/refs{/sha}",
    "trees_url": "https://api.github.com/repos/vmsnivas/testrepo/git/trees{/sha}",
    "statuses_url": "https://api.github.com/repos/vmsnivas/testrepo/statuses/{sha}",
    "languages_url": "https://api.github.com/repos/vmsnivas/testrepo/languages",
    "stargazers_url": "https://api.github.com/repos/vmsnivas/testrepo/stargazers",
    "contributors_url": "https://api.github.com/repos/vmsnivas/testrepo/contributors",
    "subscribers_url": "https://api.github.com/repos/vmsnivas/testrepo/subscribers",
    "subscription_url": "https://api.github.com/repos/vmsnivas/testrepo/subscription",
    "commits_url": "https://api.github.com/repos/vmsnivas/testrepo/commits{/sha}",
    "git_commits_url": "https://api.github.com/repos/vmsnivas/testrepo/git/commits{/sha}",
    "comments_url": "https://api.github.com/repos/vmsnivas/testrepo/comments{/number}",
    "issue_comment_url": "https://api.github.com/repos/vmsnivas/testrepo/issues/comments{/number}",
    "contents_url": "https://api.github.com/repos/vmsnivas/testrepo/contents/{+path}",
    "compare_url": "https://api.github.com/repos/vmsnivas/testrepo/compare/{base}...{head}",
    "merges_url": "https://api.github.com/repos/vmsnivas/testrepo/merges",
    "archive_url": "https://api.github.com/repos/vmsnivas/testrepo/{archive_format}{/ref}",
    "downloads_url": "https://api.github.com/repos/vmsnivas/testrepo/downloads",
    "issues_url": "https://api.github.com/repos/vmsnivas/testrepo/issues{/number}",
    "pulls_url": "https://api.github.com/repos/vmsnivas/testrepo/pulls{/number}",
    "milestones_url": "https://api.github.com/repos/vmsnivas/testrepo/milestones{/number}",
    "notifications_url": "https://api.github.com/repos/vmsnivas/testrepo/notifications{?since,all,participating}",
    "labels_url": "https://api.github.com/repos/vmsnivas/testrepo/labels{/name}",
    "releases_url": "https://api.github.com/repos/vmsnivas/testrepo/releases{/id}",
    "deployments_url": "https://api.github.com/repos/vmsnivas/testrepo/deployments",
    "created_at": "2016-06-28T13:48:57Z",
    "updated_at": "2016-09-16T19:00:05Z",
    "pushed_at": "2016-10-12T21:45:13Z",
    "git_url": "git://github.com/vmsnivas/testrepo.git",
    "ssh_url": "git@github.com:vmsnivas/testrepo.git",
    "clone_url": "https://github.com/vmsnivas/testrepo.git",
    "svn_url": "https://github.com/vmsnivas/testrepo",
    "homepage": null,
    "size": 10,
    "stargazers_count": 0,
    "watchers_count": 0,
    "language": "Groff",
    "has_issues": true,
    "has_projects": true,
    "has_downloads": true,
    "has_wiki": true,
    "has_pages": false,
    "forks_count": 0,
    "mirror_url": null,
    "open_issues_count": 0,
    "forks": 0,
    "open_issues": 0,
    "watchers": 0,
    "default_branch": "master",
    "permissions": {
      "admin": true,
      "push": true,
      "pull": true
    }
  },
  {
    "id": 67683524,
    "name": "training",
    "full_name": "vmsnivas/training",
    "owner": {
      "login": "vmsnivas",
      "id": 9534199,
      "avatar_url": "https://avatars3.githubusercontent.com/u/9534199?v=3",
      "gravatar_id": "",
      "url": "https://api.github.com/users/vmsnivas",
      "html_url": "https://github.com/vmsnivas",
      "followers_url": "https://api.github.com/users/vmsnivas/followers",
      "following_url": "https://api.github.com/users/vmsnivas/following{/other_user}",
      "gists_url": "https://api.github.com/users/vmsnivas/gists{/gist_id}",
      "starred_url": "https://api.github.com/users/vmsnivas/starred{/owner}{/repo}",
      "subscriptions_url": "https://api.github.com/users/vmsnivas/subscriptions",
      "organizations_url": "https://api.github.com/users/vmsnivas/orgs",
      "repos_url": "https://api.github.com/users/vmsnivas/repos",
      "events_url": "https://api.github.com/users/vmsnivas/events{/privacy}",
      "received_events_url": "https://api.github.com/users/vmsnivas/received_events",
      "type": "User",
      "site_admin": false
    },
    "private": false,
    "html_url": "https://github.com/vmsnivas/training",
    "description": null,
    "fork": true,
    "url": "https://api.github.com/repos/vmsnivas/training",
    "forks_url": "https://api.github.com/repos/vmsnivas/training/forks",
    "keys_url": "https://api.github.com/repos/vmsnivas/training/keys{/key_id}",
    "collaborators_url": "https://api.github.com/repos/vmsnivas/training/collaborators{/collaborator}",
    "teams_url": "https://api.github.com/repos/vmsnivas/training/teams",
    "hooks_url": "https://api.github.com/repos/vmsnivas/training/hooks",
    "issue_events_url": "https://api.github.com/repos/vmsnivas/training/issues/events{/number}",
    "events_url": "https://api.github.com/repos/vmsnivas/training/events",
    "assignees_url": "https://api.github.com/repos/vmsnivas/training/assignees{/user}",
    "branches_url": "https://api.github.com/repos/vmsnivas/training/branches{/branch}",
    "tags_url": "https://api.github.com/repos/vmsnivas/training/tags",
    "blobs_url": "https://api.github.com/repos/vmsnivas/training/git/blobs{/sha}",
    "git_tags_url": "https://api.github.com/repos/vmsnivas/training/git/tags{/sha}",
    "git_refs_url": "https://api.github.com/repos/vmsnivas/training/git/refs{/sha}",
    "trees_url": "https://api.github.com/repos/vmsnivas/training/git/trees{/sha}",
    "statuses_url": "https://api.github.com/repos/vmsnivas/training/statuses/{sha}",
    "languages_url": "https://api.github.com/repos/vmsnivas/training/languages",
    "stargazers_url": "https://api.github.com/repos/vmsnivas/training/stargazers",
    "contributors_url": "https://api.github.com/repos/vmsnivas/training/contributors",
    "subscribers_url": "https://api.github.com/repos/vmsnivas/training/subscribers",
    "subscription_url": "https://api.github.com/repos/vmsnivas/training/subscription",
    "commits_url": "https://api.github.com/repos/vmsnivas/training/commits{/sha}",
    "git_commits_url": "https://api.github.com/repos/vmsnivas/training/git/commits{/sha}",
    "comments_url": "https://api.github.com/repos/vmsnivas/training/comments{/number}",
    "issue_comment_url": "https://api.github.com/repos/vmsnivas/training/issues/comments{/number}",
    "contents_url": "https://api.github.com/repos/vmsnivas/training/contents/{+path}",
    "compare_url": "https://api.github.com/repos/vmsnivas/training/compare/{base}...{head}",
    "merges_url": "https://api.github.com/repos/vmsnivas/training/merges",
    "archive_url": "https://api.github.com/repos/vmsnivas/training/{archive_format}{/ref}",
    "downloads_url": "https://api.github.com/repos/vmsnivas/training/downloads",
    "issues_url": "https://api.github.com/repos/vmsnivas/training/issues{/number}",
    "pulls_url": "https://api.github.com/repos/vmsnivas/training/pulls{/number}",
    "milestones_url": "https://api.github.com/repos/vmsnivas/training/milestones{/number}",
    "notifications_url": "https://api.github.com/repos/vmsnivas/training/notifications{?since,all,participating}",
    "labels_url": "https://api.github.com/repos/vmsnivas/training/labels{/name}",
    "releases_url": "https://api.github.com/repos/vmsnivas/training/releases{/id}",
    "deployments_url": "https://api.github.com/repos/vmsnivas/training/deployments",
    "created_at": "2016-09-08T08:22:24Z",
    "updated_at": "2016-09-08T08:22:25Z",
    "pushed_at": "2014-07-18T02:30:50Z",
    "git_url": "git://github.com/vmsnivas/training.git",
    "ssh_url": "git@github.com:vmsnivas/training.git",
    "clone_url": "https://github.com/vmsnivas/training.git",
    "svn_url": "https://github.com/vmsnivas/training",
    "homepage": null,
    "size": 116,
    "stargazers_count": 0,
    "watchers_count": 0,
    "language": "Shell",
    "has_issues": false,
    "has_projects": true,
    "has_downloads": true,
    "has_wiki": true,
    "has_pages": false,
    "forks_count": 0,
    "mirror_url": null,
    "open_issues_count": 0,
    "forks": 0,
    "open_issues": 0,
    "watchers": 0,
    "default_branch": "master",
    "permissions": {
      "admin": true,
      "push": true,
      "pull": true
    }
  }
]
